plaid-master/app/build/outputs/logs/manifest-merger-debug-report.txt
-- Merging decision tree log ---
manifest
ADDED from src/main/AndroidManifest.xml:18:1-167:12
	package
		ADDED from src/main/AndroidManifest.xml:21:5-26
		INJECTED from src/main/AndroidManifest.xml
		INJECTED from src/main/AndroidManifest.xml
	xmlns:android
		ADDED from src/main/AndroidManifest.xml:19:5-63
	android:versionCode
		INJECTED from src/main/AndroidManifest.xml
		INJECTED from src/main/AndroidManifest.xml
	android:installLocation
		ADDED from src/main/AndroidManifest.xml:20:5-35
uses-permission#android.permission.GET_ACCOUNTS
ADDED from src/main/AndroidManifest.xml:23:5-71
	android:name
		ADDED from src/main/AndroidManifest.xml:23:22-68
uses-permission#android.permission.INTERNET
ADDED from src/main/AndroidManifest.xml:24:5-67
	android:name
		ADDED from src/main/AndroidManifest.xml:24:22-64
uses-permission#android.permission.ACCESS_NETWORK_STATE
ADDED from src/main/AndroidManifest.xml:25:5-79
	android:name
		ADDED from src/main/AndroidManifest.xml:25:22-76
application
ADDED from src/main/AndroidManifest.xml:27:5-165:19
MERGED from [com.android.support.constraint:constraint-layout:1.0.0-beta3] AndroidManifest.xml:9:5-20
MERGED from [com.android.support:customtabs:25.0.0] AndroidManifest.xml:22:5-20
MERGED from [com.android.support:support-compat:25.0.0] AndroidManifest.xml:25:5-20
MERGED from [com.android.support:design:25.0.0] AndroidManifest.xml:25:5-20
MERGED from [com.android.support:support-v4:25.0.0] AndroidManifest.xml:25:5-20
MERGED from [com.android.support:support-media-compat:25.0.0] AndroidManifest.xml:25:5-20
MERGED from [com.android.support:support-core-utils:25.0.0] AndroidManifest.xml:25:5-20
MERGED from [com.android.support:support-core-ui:25.0.0] AndroidManifest.xml:25:5-20
MERGED from [com.android.support:support-fragment:25.0.0] AndroidManifest.xml:25:5-20
MERGED from [com.android.support:appcompat-v7:25.0.0] AndroidManifest.xml:25:5-20
MERGED from [com.android.support:support-vector-drawable:25.0.0] AndroidManifest.xml:23:5-20
MERGED from [com.android.support:animated-vector-drawable:25.0.0] AndroidManifest.xml:22:5-20
MERGED from [com.android.support:transition:25.0.0] AndroidManifest.xml:22:5-20
MERGED from [com.android.support:palette-v7:25.0.0] AndroidManifest.xml:22:5-23:19
MERGED from [com.github.bumptech.glide:okhttp3-integration:1.4.0] AndroidManifest.xml:11:5-15:19
MERGED from [plaid-master:bypass:unspecified] AndroidManifest.xml:11:5-12:19
	android:extractNativeLibs
		ADDED from src/main/AndroidManifest.xml:33:9-42
	android:label
		ADDED from src/main/AndroidManifest.xml:31:9-41
	android:supportsRtl
		ADDED from src/main/AndroidManifest.xml:32:9-35
	android:roundIcon
		ADDED from src/main/AndroidManifest.xml:30:9-54
	android:allowBackup
		ADDED from src/main/AndroidManifest.xml:28:9-35
	android:icon
		ADDED from src/main/AndroidManifest.xml:29:9-43
	android:theme
		ADDED from src/main/AndroidManifest.xml:34:9-37
activity#io.plaidapp.ui.HomeActivity
ADDED from src/main/AndroidManifest.xml:36:9-40:39
	android:label
		ADDED from src/main/AndroidManifest.xml:38:13-45
	android:exported
		ADDED from src/main/AndroidManifest.xml:40:13-36
	android:theme
		ADDED from src/main/AndroidManifest.xml:39:13-46
	android:name
		ADDED from src/main/AndroidManifest.xml:37:13-44
activity-alias#io.plaidapp.Launcher
ADDED from src/main/AndroidManifest.xml:44:9-55:26
	android:label
		ADDED from src/main/AndroidManifest.xml:46:13-45
	android:targetActivity
		ADDED from src/main/AndroidManifest.xml:47:13-54
	android:name
		ADDED from src/main/AndroidManifest.xml:45:13-37
intent-filter#android.intent.action.MAIN+android.intent.category.LAUNCHER
ADDED from src/main/AndroidManifest.xml:48:13-51:29
action#android.intent.action.MAIN
ADDED from src/main/AndroidManifest.xml:49:17-69
	android:name
		ADDED from src/main/AndroidManifest.xml:49:25-66
category#android.intent.category.LAUNCHER
ADDED from src/main/AndroidManifest.xml:50:17-77
	android:name
		ADDED from src/main/AndroidManifest.xml:50:27-74
meta-data#android.app.shortcuts
ADDED from src/main/AndroidManifest.xml:52:13-54:53
	android:resource
		ADDED from src/main/AndroidManifest.xml:54:17-50
	android:name
		ADDED from src/main/AndroidManifest.xml:53:17-53
activity#io.plaidapp.ui.DribbbleShot
ADDED from src/main/AndroidManifest.xml:57:9-70:20
	android:parentActivityName
		ADDED from src/main/AndroidManifest.xml:59:13-58
	android:theme
		ADDED from src/main/AndroidManifest.xml:60:13-67
	android:name
		ADDED from src/main/AndroidManifest.xml:58:13-44
intent-filter#android.intent.action.VIEW+android.intent.category.BROWSABLE+android.intent.category.DEFAULT
ADDED from src/main/AndroidManifest.xml:61:13-69:29
action#android.intent.action.VIEW
ADDED from src/main/AndroidManifest.xml:62:17-69
	android:name
		ADDED from src/main/AndroidManifest.xml:62:25-66
category#android.intent.category.DEFAULT
ADDED from src/main/AndroidManifest.xml:63:17-76
	android:name
		ADDED from src/main/AndroidManifest.xml:63:27-73
category#android.intent.category.BROWSABLE
ADDED from src/main/AndroidManifest.xml:64:17-78
	android:name
		ADDED from src/main/AndroidManifest.xml:64:27-75
data
ADDED from src/main/AndroidManifest.xml:65:17-68:51
	android:host
		ADDED from src/main/AndroidManifest.xml:67:21-48
	android:scheme
		ADDED from src/main/AndroidManifest.xml:66:21-43
	android:pathPrefix
		ADDED from src/main/AndroidManifest.xml:68:21-49
activity#io.plaidapp.ui.PlayerActivity
ADDED from src/main/AndroidManifest.xml:72:9-74:72
	android:theme
		ADDED from src/main/AndroidManifest.xml:74:13-69
	android:name
		ADDED from src/main/AndroidManifest.xml:73:13-46
activity#io.plaidapp.ui.PlayerSheet
ADDED from src/main/AndroidManifest.xml:76:9-78:77
	android:theme
		ADDED from src/main/AndroidManifest.xml:78:13-74
	android:name
		ADDED from src/main/AndroidManifest.xml:77:13-43
activity#io.plaidapp.ui.DesignerNewsStory
ADDED from src/main/AndroidManifest.xml:80:9-83:74
	android:parentActivityName
		ADDED from src/main/AndroidManifest.xml:82:13-58
	android:theme
		ADDED from src/main/AndroidManifest.xml:83:13-71
	android:name
		ADDED from src/main/AndroidManifest.xml:81:13-49
activity#io.plaidapp.ui.SearchActivity
ADDED from src/main/AndroidManifest.xml:85:9-99:20
	android:launchMode
		ADDED from src/main/AndroidManifest.xml:87:13-43
	android:theme
		ADDED from src/main/AndroidManifest.xml:88:13-60
	android:name
		ADDED from src/main/AndroidManifest.xml:86:13-46
intent-filter#android.intent.action.SEARCH
ADDED from src/main/AndroidManifest.xml:89:13-91:29
action#android.intent.action.SEARCH
ADDED from src/main/AndroidManifest.xml:90:17-71
	android:name
		ADDED from src/main/AndroidManifest.xml:90:25-68
intent-filter#android.intent.category.DEFAULT+com.google.android.gms.actions.SEARCH_ACTION
ADDED from src/main/AndroidManifest.xml:92:13-95:29
action#com.google.android.gms.actions.SEARCH_ACTION
ADDED from src/main/AndroidManifest.xml:93:17-87
	android:name
		ADDED from src/main/AndroidManifest.xml:93:25-84
meta-data#android.app.searchable
ADDED from src/main/AndroidManifest.xml:96:13-98:54
	android:resource
		ADDED from src/main/AndroidManifest.xml:98:17-51
	android:name
		ADDED from src/main/AndroidManifest.xml:97:17-54
activity#io.plaidapp.ui.DribbbleLogin
ADDED from src/main/AndroidManifest.xml:101:9-114:20
	android:launchMode
		ADDED from src/main/AndroidManifest.xml:104:13-43
	android:exported
		ADDED from src/main/AndroidManifest.xml:103:13-36
	android:theme
		ADDED from src/main/AndroidManifest.xml:105:13-68
	android:name
		ADDED from src/main/AndroidManifest.xml:102:13-45
activity#io.plaidapp.ui.DesignerNewsLogin
ADDED from src/main/AndroidManifest.xml:116:9-120:58
	android:exported
		ADDED from src/main/AndroidManifest.xml:118:13-37
	android:windowSoftInputMode
		ADDED from src/main/AndroidManifest.xml:120:13-55
	android:theme
		ADDED from src/main/AndroidManifest.xml:119:13-71
	android:name
		ADDED from src/main/AndroidManifest.xml:117:13-49
activity#io.plaidapp.ui.AboutActivity
ADDED from src/main/AndroidManifest.xml:122:9-125:61
	android:parentActivityName
		ADDED from src/main/AndroidManifest.xml:125:13-58
	android:theme
		ADDED from src/main/AndroidManifest.xml:124:13-59
	android:name
		ADDED from src/main/AndroidManifest.xml:123:13-45
activity#io.plaidapp.ui.PostNewDesignerNewsStory
ADDED from src/main/AndroidManifest.xml:127:9-137:20
	android:exported
		ADDED from src/main/AndroidManifest.xml:129:13-36
	android:theme
		ADDED from src/main/AndroidManifest.xml:130:13-75
	android:name
		ADDED from src/main/AndroidManifest.xml:128:13-56
intent-filter#android.intent.action.SEND+android.intent.category.BROWSABLE+android.intent.category.DEFAULT
ADDED from src/main/AndroidManifest.xml:131:13-136:29
action#android.intent.action.SEND
ADDED from src/main/AndroidManifest.xml:132:17-69
	android:name
		ADDED from src/main/AndroidManifest.xml:132:25-66
service#io.plaidapp.data.api.designernews.PostStoryService
ADDED from src/main/AndroidManifest.xml:139:9-141:40
	android:exported
		ADDED from src/main/AndroidManifest.xml:141:13-37
	android:name
		ADDED from src/main/AndroidManifest.xml:140:13-67
service#io.plaidapp.data.api.designernews.UpvoteStoryService
ADDED from src/main/AndroidManifest.xml:143:9-145:40
	android:exported
		ADDED from src/main/AndroidManifest.xml:145:13-37
	android:name
		ADDED from src/main/AndroidManifest.xml:144:13-69
provider#android.support.v4.content.FileProvider
ADDED from src/main/AndroidManifest.xml:147:9-155:20
	android:authorities
		ADDED from src/main/AndroidManifest.xml:149:13-52
		INJECTED from src/main/AndroidManifest.xml
	android:grantUriPermissions
		ADDED from src/main/AndroidManifest.xml:151:13-47
	android:exported
		ADDED from src/main/AndroidManifest.xml:150:13-37
	android:name
		ADDED from src/main/AndroidManifest.xml:148:13-67
meta-data#android.support.FILE_PROVIDER_PATHS
ADDED from src/main/AndroidManifest.xml:152:13-154:65
	android:resource
		ADDED from src/main/AndroidManifest.xml:154:17-62
	android:name
		ADDED from src/main/AndroidManifest.xml:153:17-67
meta-data#io.plaidapp.util.glide.GlideConfiguration
ADDED from src/main/AndroidManifest.xml:158:9-160:43
	android:value
		ADDED from src/main/AndroidManifest.xml:160:13-40
	android:name
		ADDED from src/main/AndroidManifest.xml:159:13-69
meta-data#com.bumptech.glide.integration.okhttp3.OkHttpGlideModule
ADDED from src/main/AndroidManifest.xml:161:9-163:43
MERGED from [com.github.bumptech.glide:okhttp3-integration:1.4.0] AndroidManifest.xml:12:9-14:43
	android:value
		ADDED from src/main/AndroidManifest.xml:163:13-40
	android:name
		ADDED from src/main/AndroidManifest.xml:162:13-84
uses-sdk
INJECTED from src/main/AndroidManifest.xml reason: use-sdk injection requested
MERGED from [com.android.support.constraint:constraint-layout:1.0.0-beta3] AndroidManifest.xml:5:5-7:41
MERGED from [com.android.support:customtabs:25.0.0] AndroidManifest.xml:20:5-44
MERGED from [com.android.support:support-compat:25.0.0] AndroidManifest.xml:21:5-23:58
MERGED from [com.android.support:design:25.0.0] AndroidManifest.xml:21:5-23:62
MERGED from [com.android.support:support-v4:25.0.0] AndroidManifest.xml:21:5-23:54
MERGED from [com.android.support:support-media-compat:25.0.0] AndroidManifest.xml:21:5-23:63
MERGED from [com.android.support:support-core-utils:25.0.0] AndroidManifest.xml:21:5-23:61
MERGED from [com.android.support:support-core-ui:25.0.0] AndroidManifest.xml:21:5-23:58
MERGED from [com.android.support:support-fragment:25.0.0] AndroidManifest.xml:21:5-23:60
MERGED from [com.android.support:appcompat-v7:25.0.0] AndroidManifest.xml:21:5-23:78
MERGED from [com.android.support:support-vector-drawable:25.0.0] AndroidManifest.xml:21:5-43
MERGED from [com.android.support:animated-vector-drawable:25.0.0] AndroidManifest.xml:20:5-44
MERGED from [com.android.support:recyclerview-v7:25.0.0] AndroidManifest.xml:20:5-43
MERGED from [com.android.support:transition:25.0.0] AndroidManifest.xml:20:5-44
MERGED from [com.android.support:palette-v7:25.0.0] AndroidManifest.xml:20:5-43
MERGED from [com.github.bumptech.glide:okhttp3-integration:1.4.0] AndroidManifest.xml:7:5-9:41
MERGED from [com.jakewharton:butterknife:8.3.0] AndroidManifest.xml:5:5-43
MERGED from [plaid-master:bypass:unspecified] AndroidManifest.xml:7:5-9:41
	tools:overrideLibrary
		ADDED from [com.android.support:support-compat:25.0.0] AndroidManifest.xml:23:9-55
	android:targetSdkVersion
		INJECTED from src/main/AndroidManifest.xml
		INJECTED from src/main/AndroidManifest.xml
	android:minSdkVersion
		INJECTED from src/main/AndroidManifest.xml
		INJECTED from src/main/AndroidManifest.xml